#
# A fatal error has been detected by the Java Runtime Environment:
#
#  EXCEPTION_ACCESS_VIOLATION (0xc0000005) at pc=0x0000019dcd2125ab, pid=24248, tid=0x0000000000002bcc
#
# JRE version: OpenJDK Runtime Environment (8.0_292-b10) (build 1.8.0_292-b10)
# Java VM: OpenJDK 64-Bit Server VM (25.292-b10 mixed mode windows-amd64 compressed oops)
# Problematic frame:
# C  0x0000019dcd2125ab
#
# Failed to write core dump. Minidumps are not enabled by default on client versions of Windows
#
# If you would like to submit a bug report, please visit:
#   https://github.com/corretto/corretto-8/issues/
# The crash happened outside the Java Virtual Machine in native code.
# See problematic frame for where to report the bug.
#

---------------  T H R E A D  ---------------

Current thread (0x0000019dc577a800):  JavaThread "LWJGL Application" [_thread_in_native, id=11212, stack(0x0000006abe300000,0x0000006abe400000)]

siginfo: ExceptionCode=0xc0000005, reading address 0x0000019dc6363400

Registers:
RAX=0x0000019dc6e32540, RBX=0x0000019dca010000, RCX=0x0000019dca010000, RDX=0x0000019dc6363400
RSP=0x0000006abe3fe440, RBP=0x0000019dc636340c, RSI=0x0000000000000006, RDI=0x0000019dc5c1b120
R8 =0x0000019dc6363400, R9 =0x0000000000000006, R10=0x0000000000000090, R11=0x0000019dc636340c
R12=0x0000000000000006, R13=0x0000000000000078, R14=0x0000000000000000, R15=0x0000019dc6e32540
RIP=0x0000019dcd2125ab, EFLAGS=0x0000000000010202

Top of Stack: (sp=0x0000006abe3fe440)
0x0000006abe3fe440:   0000019d00000000 0000019dc5c1b120
0x0000006abe3fe450:   0000000000000006 0000000000000000
0x0000006abe3fe460:   0000019dca010000 00007ff90e586768
0x0000006abe3fe470:   0000000000000006 0000019dc5c1b120
0x0000006abe3fe480:   0000019dcc53e340 0000000000000000
0x0000006abe3fe490:   0000019dca010000 0000000000000000
0x0000006abe3fe4a0:   00007ff90e59b810 0000000000000001
0x0000006abe3fe4b0:   0000019d00000090 0000019dc6e32540
0x0000006abe3fe4c0:   0000019d00000000 0000000000000000
0x0000006abe3fe4d0:   0000019dc6363400 0000000000000006
0x0000006abe3fe4e0:   0000019dcd212580 0000019dca06bc78
0x0000006abe3fe4f0:   0000019dc6363400 0000019dc5c1b120
0x0000006abe3fe500:   0000019dc5d30400 00007ff90e437548
0x0000006abe3fe510:   0000000000000000 0000019dca010000
0x0000006abe3fe520:   0000000000000000 0000019dca010000
0x0000006abe3fe530:   0000000000000000 00007ff90e59b810 

Instructions: (pc=0x0000019dcd2125ab)
0x0000019dcd21258b:   5c 24 18 48 89 74 24 10 48 89 7c 24 08 48 8b d9
0x0000019dcd21259b:   48 8b c2 49 8b e9 49 8b d0 48 8d 2c 6a 4c 8b dd
0x0000019dcd2125ab:   0f b7 0a 49 ba 10 2a 09 ca 9d 01 00 00 41 03 0a
0x0000019dcd2125bb:   48 83 c2 02 48 be 50 c7 06 ca 9d 01 00 00 48 8b 


Register to memory mapping:

RAX=0x0000019dc6e32540 is an unknown value
RBX=0x0000019dca010000 is an unknown value
RCX=0x0000019dca010000 is an unknown value
RDX=0x0000019dc6363400 is an unknown value
RSP=0x0000006abe3fe440 is pointing into the stack for thread: 0x0000019dc577a800
RBP=0x0000019dc636340c is an unknown value
RSI=0x0000000000000006 is an unknown value
RDI=0x0000019dc5c1b120 is an unknown value
R8 =0x0000019dc6363400 is an unknown value
R9 =0x0000000000000006 is an unknown value
R10=0x0000000000000090 is an unknown value
R11=0x0000019dc636340c is an unknown value
R12=0x0000000000000006 is an unknown value
R13=0x0000000000000078 is an unknown value
R14=0x0000000000000000 is an unknown value
R15=0x0000019dc6e32540 is an unknown value


Stack: [0x0000006abe300000,0x0000006abe400000],  sp=0x0000006abe3fe440,  free space=1017k
Native frames: (J=compiled Java code, j=interpreted, Vv=VM code, C=native code)
C  0x0000019dcd2125ab

Java frames: (J=compiled Java code, j=interpreted, Vv=VM code)
J 703  org.lwjgl.opengl.GL11.nglDrawElements(IIIJJ)V (0 bytes) @ 0x0000019da9d62f56 [0x0000019da9d62f00+0x56]
J 681 C1 org.lwjgl.opengl.GL11.glDrawElements(ILjava/nio/ShortBuffer;)V (38 bytes) @ 0x0000019da9d53f5c [0x0000019da9d53640+0x91c]
J 690 C1 com.badlogic.gdx.backends.lwjgl.LwjglGL20.glDrawElements(IIILjava/nio/Buffer;)V (124 bytes) @ 0x0000019da9d5b564 [0x0000019da9d5a7e0+0xd84]
J 664 C1 com.badlogic.gdx.graphics.Mesh.render(Lcom/badlogic/gdx/graphics/glutils/ShaderProgram;IIIZ)V (341 bytes) @ 0x0000019da9d3fb0c [0x0000019da9d3f420+0x6ec]
J 637 C1 com.badlogic.gdx.graphics.g2d.SpriteBatch.flush()V (193 bytes) @ 0x0000019da9d26284 [0x0000019da9d248a0+0x19e4]
J 652 C1 com.badlogic.gdx.graphics.g2d.SpriteBatch.draw(Lcom/badlogic/gdx/graphics/Texture;FFFF)V (279 bytes) @ 0x0000019da9d3060c [0x0000019da9d303c0+0x24c]
j  gamejam.rhythm.game.PauseClass.render(F)V+618
j  com.badlogic.gdx.Game.render()V+19
j  gamejam.rhythm.game.Rhythm.render()V+1
j  com.badlogic.gdx.backends.lwjgl.LwjglApplication.mainLoop()V+776
j  com.badlogic.gdx.backends.lwjgl.LwjglApplication$1.run()V+27
v  ~StubRoutines::call_stub

---------------  P R O C E S S  ---------------

Java Threads: ( => current thread )
  0x0000019dcc4db800 JavaThread "LWJGL Timer" daemon [_thread_blocked, id=24536, stack(0x0000006abea00000,0x0000006abeb00000)]
  0x0000019da7fcd800 JavaThread "DestroyJavaVM" [_thread_blocked, id=20312, stack(0x0000006abcb00000,0x0000006abcc00000)]
=>0x0000019dc577a800 JavaThread "LWJGL Application" [_thread_in_native, id=11212, stack(0x0000006abe300000,0x0000006abe400000)]
  0x0000019dc52a5000 JavaThread "Service Thread" daemon [_thread_blocked, id=23772, stack(0x0000006abdf00000,0x0000006abe000000)]
  0x0000019dc2e02000 JavaThread "C1 CompilerThread3" daemon [_thread_blocked, id=19340, stack(0x0000006abde00000,0x0000006abdf00000)]
  0x0000019dc2e07000 JavaThread "C2 CompilerThread2" daemon [_thread_blocked, id=24416, stack(0x0000006abdd00000,0x0000006abde00000)]
  0x0000019dc2dff000 JavaThread "C2 CompilerThread1" daemon [_thread_blocked, id=17464, stack(0x0000006abdc00000,0x0000006abdd00000)]
  0x0000019dc2e04000 JavaThread "C2 CompilerThread0" daemon [_thread_blocked, id=23844, stack(0x0000006abdb00000,0x0000006abdc00000)]
  0x0000019dc2df7800 JavaThread "Attach Listener" daemon [_thread_blocked, id=23460, stack(0x0000006abda00000,0x0000006abdb00000)]
  0x0000019dc2df2800 JavaThread "Signal Dispatcher" daemon [_thread_blocked, id=19984, stack(0x0000006abd900000,0x0000006abda00000)]
  0x0000019dc2dbf800 JavaThread "Finalizer" daemon [_thread_blocked, id=18008, stack(0x0000006abd800000,0x0000006abd900000)]
  0x0000019dc2db4800 JavaThread "Reference Handler" daemon [_thread_blocked, id=7988, stack(0x0000006abd700000,0x0000006abd800000)]

Other Threads:
  0x0000019dc2d8c000 VMThread [stack: 0x0000006abd600000,0x0000006abd700000] [id=22536]
  0x0000019dc52a6000 WatcherThread [stack: 0x0000006abe000000,0x0000006abe100000] [id=20104]

VM state:not at safepoint (normal execution)

VM Mutex/Monitor currently owned by a thread: None

heap address: 0x00000006c1600000, size: 4074 MB, Compressed Oops mode: Zero based, Oop shift amount: 3
Narrow klass base: 0x0000000000000000, Narrow klass shift: 3
Compressed class space size: 1073741824 Address: 0x00000007c0000000

Heap:
 PSYoungGen      total 76288K, used 21327K [0x000000076b200000, 0x0000000770700000, 0x00000007c0000000)
  eden space 65536K, 32% used [0x000000076b200000,0x000000076c6d3f48,0x000000076f200000)
  from space 10752K, 0% used [0x000000076fc80000,0x000000076fc80000,0x0000000770700000)
  to   space 10752K, 0% used [0x000000076f200000,0x000000076f200000,0x000000076fc80000)
 ParOldGen       total 175104K, used 0K [0x00000006c1600000, 0x00000006cc100000, 0x000000076b200000)
  object space 175104K, 0% used [0x00000006c1600000,0x00000006c1600000,0x00000006cc100000)
 Metaspace       used 7198K, capacity 7395K, committed 7680K, reserved 1056768K
  class space    used 664K, capacity 688K, committed 768K, reserved 1048576K

Card table byte_map: [0x0000019db8e30000,0x0000019db9630000] byte_map_base: 0x0000019db5825000

Marking Bits: (ParMarkBitMap*) 0x000000006c8af7f0
 Begin Bits: [0x0000019db9b80000, 0x0000019dbdb28000)
 End Bits:   [0x0000019dbdb28000, 0x0000019dc1ad0000)

Polling page: 0x0000019da8250000

CodeCache: size=245760Kb used=3152Kb max_used=3163Kb free=242607Kb
 bounds [0x0000019da9a70000, 0x0000019da9d90000, 0x0000019db8a70000]
 total_blobs=1203 nmethods=754 adapters=362
 compilation: enabled

Compilation events (10 events):
Event: 3.279 Thread 0x0000019dc2e02000 nmethod 750 0x0000019da9d82990 code [0x0000019da9d82b60, 0x0000019da9d831e0]
Event: 3.279 Thread 0x0000019dc2e02000  751       3       java.net.URLClassLoader::findResource (37 bytes)
Event: 3.279 Thread 0x0000019dc2e02000 nmethod 751 0x0000019da9d841d0 code [0x0000019da9d84380, 0x0000019da9d848a0]
Event: 3.279 Thread 0x0000019dc2e02000  752       3       java.net.URLClassLoader$2::<init> (15 bytes)
Event: 3.279 Thread 0x0000019dc2e02000 nmethod 752 0x0000019da9d80f10 code [0x0000019da9d81060, 0x0000019da9d81258]
Event: 3.281 Thread 0x0000019dc2e07000 nmethod 744 0x0000019da9d88e50 code [0x0000019da9d88fe0, 0x0000019da9d895e8]
Event: 3.282 Thread 0x0000019dc2e02000  753       1       sun.misc.URLClassPath$FileLoader$1::getURL (5 bytes)
Event: 3.282 Thread 0x0000019dc2e02000 nmethod 753 0x0000019da9d826d0 code [0x0000019da9d82820, 0x0000019da9d82938]
Event: 3.282 Thread 0x0000019dc2e02000  754       1       sun.net.DefaultProgressMeteringPolicy::shouldMeterInput (2 bytes)
Event: 3.282 Thread 0x0000019dc2e02000 nmethod 754 0x0000019da9d82410 code [0x0000019da9d82560, 0x0000019da9d82678]

GC Heap History (0 events):
No events

Deoptimization events (9 events):
Event: 1.555 Thread 0x0000019dc577a800 Uncommon trap: reason=unstable_if action=reinterpret pc=0x0000019da9cb4a58 method=java.io.WinNTFileSystem.normalize(Ljava/lang/String;)Ljava/lang/String; @ 128
Event: 1.568 Thread 0x0000019dc577a800 Uncommon trap: reason=unstable_if action=reinterpret pc=0x0000019da9bc1adc method=java.lang.String.indexOf([CII[CIII)I @ 3
Event: 1.612 Thread 0x0000019dc577a800 Uncommon trap: reason=unstable_if action=reinterpret pc=0x0000019da9d0ae0c method=java.util.regex.Matcher.search(I)Z @ 30
Event: 1.612 Thread 0x0000019dc577a800 Uncommon trap: reason=bimorphic action=maybe_recompile pc=0x0000019da9cf7114 method=java.util.regex.Pattern$BmpCharProperty.match(Ljava/util/regex/Matcher;ILjava/lang/CharSequence;)Z @ 31
Event: 1.612 Thread 0x0000019dc577a800 Uncommon trap: reason=class_check action=maybe_recompile pc=0x0000019da9cf7090 method=java.util.regex.Pattern$BmpCharProperty.match(Ljava/util/regex/Matcher;ILjava/lang/CharSequence;)Z @ 16
Event: 1.612 Thread 0x0000019dc577a800 Uncommon trap: reason=class_check action=maybe_recompile pc=0x0000019da9cf7090 method=java.util.regex.Pattern$BmpCharProperty.match(Ljava/util/regex/Matcher;ILjava/lang/CharSequence;)Z @ 16
Event: 1.612 Thread 0x0000019dc577a800 Uncommon trap: reason=class_check action=maybe_recompile pc=0x0000019da9cf7090 method=java.util.regex.Pattern$BmpCharProperty.match(Ljava/util/regex/Matcher;ILjava/lang/CharSequence;)Z @ 16
Event: 1.612 Thread 0x0000019dc577a800 Uncommon trap: reason=bimorphic action=maybe_recompile pc=0x0000019da9cf7114 method=java.util.regex.Pattern$BmpCharProperty.match(Ljava/util/regex/Matcher;ILjava/lang/CharSequence;)Z @ 31
Event: 1.612 Thread 0x0000019dc577a800 Uncommon trap: reason=class_check action=maybe_recompile pc=0x0000019da9cf7090 method=java.util.regex.Pattern$BmpCharProperty.match(Ljava/util/regex/Matcher;ILjava/lang/CharSequence;)Z @ 16

Classes redefined (0 events):
No events

Internal exceptions (10 events):
Event: 0.152 Thread 0x0000019da7fcd800 Exception <a 'java/security/PrivilegedActionException'> (0x000000076b5f4648) thrown at [C:\wsjdk\Corretto8Src\installers\windows\zip\corretto-build\buildRoot\src\hotspot\src\share\vm\prims\jvm.cpp, line 1523]
Event: 0.153 Thread 0x0000019da7fcd800 Exception <a 'java/security/PrivilegedActionException'> (0x000000076b5f8928) thrown at [C:\wsjdk\Corretto8Src\installers\windows\zip\corretto-build\buildRoot\src\hotspot\src\share\vm\prims\jvm.cpp, line 1523]
Event: 0.153 Thread 0x0000019da7fcd800 Exception <a 'java/security/PrivilegedActionException'> (0x000000076b5f8b38) thrown at [C:\wsjdk\Corretto8Src\installers\windows\zip\corretto-build\buildRoot\src\hotspot\src\share\vm\prims\jvm.cpp, line 1523]
Event: 0.187 Thread 0x0000019da7fcd800 Exception <a 'java/security/PrivilegedActionException'> (0x000000076b6e29c0) thrown at [C:\wsjdk\Corretto8Src\installers\windows\zip\corretto-build\buildRoot\src\hotspot\src\share\vm\prims\jvm.cpp, line 1523]
Event: 0.187 Thread 0x0000019da7fcd800 Exception <a 'java/security/PrivilegedActionException'> (0x000000076b6e4698) thrown at [C:\wsjdk\Corretto8Src\installers\windows\zip\corretto-build\buildRoot\src\hotspot\src\share\vm\prims\jvm.cpp, line 1523]
Event: 0.187 Thread 0x0000019da7fcd800 Exception <a 'java/security/PrivilegedActionException'> (0x000000076b6e5808) thrown at [C:\wsjdk\Corretto8Src\installers\windows\zip\corretto-build\buildRoot\src\hotspot\src\share\vm\prims\jvm.cpp, line 1523]
Event: 0.187 Thread 0x0000019da7fcd800 Exception <a 'java/security/PrivilegedActionException'> (0x000000076b6ea988) thrown at [C:\wsjdk\Corretto8Src\installers\windows\zip\corretto-build\buildRoot\src\hotspot\src\share\vm\prims\jvm.cpp, line 1523]
Event: 0.187 Thread 0x0000019da7fcd800 Exception <a 'java/security/PrivilegedActionException'> (0x000000076b6eb5e0) thrown at [C:\wsjdk\Corretto8Src\installers\windows\zip\corretto-build\buildRoot\src\hotspot\src\share\vm\prims\jvm.cpp, line 1523]
Event: 0.187 Thread 0x0000019da7fcd800 Exception <a 'java/security/PrivilegedActionException'> (0x000000076b6ec208) thrown at [C:\wsjdk\Corretto8Src\installers\windows\zip\corretto-build\buildRoot\src\hotspot\src\share\vm\prims\jvm.cpp, line 1523]
Event: 0.604 Thread 0x0000019dc577a800 Exception <a 'java/io/FileNotFoundException'> (0x000000076be9ae58) thrown at [C:\wsjdk\Corretto8Src\installers\windows\zip\corretto-build\buildRoot\src\hotspot\src\share\vm\prims\jni.cpp, line 711]

Events (10 events):
Event: 1.614 loading class sun/misc/FDBigInteger
Event: 1.614 loading class sun/misc/FDBigInteger done
Event: 1.615 loading class sun/misc/FormattedFloatingDecimal$2
Event: 1.615 loading class sun/misc/FormattedFloatingDecimal$2 done
Event: 1.615 loading class gamejam/rhythm/game/tools/ArrowRectangle
Event: 1.615 loading class gamejam/rhythm/game/tools/ArrowRectangle done
Event: 2.546 loading class org/lwjgl/opengl/WindowsKeycodes
Event: 2.546 loading class org/lwjgl/opengl/WindowsKeycodes done
Event: 2.550 loading class gamejam/rhythm/game/PauseClass
Event: 2.550 loading class gamejam/rhythm/game/PauseClass done


Dynamic libraries:
0x00007ff7a8a00000 - 0x00007ff7a8a3a000 	C:\Users\Bob Bu\.jdks\corretto-1.8.0_292\bin\java.exe
0x00007ff9825d0000 - 0x00007ff9827c5000 	C:\WINDOWS\SYSTEM32\ntdll.dll
0x00007ff981b00000 - 0x00007ff981bbd000 	C:\WINDOWS\System32\KERNEL32.DLL
0x00007ff97ff50000 - 0x00007ff980218000 	C:\WINDOWS\System32\KERNELBASE.dll
0x00007ff980aa0000 - 0x00007ff980b4c000 	C:\WINDOWS\System32\ADVAPI32.dll
0x00007ff981e70000 - 0x00007ff981f0e000 	C:\WINDOWS\System32\msvcrt.dll
0x00007ff982440000 - 0x00007ff9824db000 	C:\WINDOWS\System32\sechost.dll
0x00007ff981c20000 - 0x00007ff981d4b000 	C:\WINDOWS\System32\RPCRT4.dll
0x00007ff980740000 - 0x00007ff9808e0000 	C:\WINDOWS\System32\USER32.dll
0x00007ff97fdb0000 - 0x00007ff97fdd2000 	C:\WINDOWS\System32\win32u.dll
0x00007ff981170000 - 0x00007ff98119a000 	C:\WINDOWS\System32\GDI32.dll
0x00007ff980220000 - 0x00007ff98032b000 	C:\WINDOWS\System32\gdi32full.dll
0x00007ff97fd10000 - 0x00007ff97fdad000 	C:\WINDOWS\System32\msvcp_win.dll
0x00007ff980330000 - 0x00007ff980430000 	C:\WINDOWS\System32\ucrtbase.dll
0x00007ff972120000 - 0x00007ff9723ba000 	C:\WINDOWS\WinSxS\amd64_microsoft.windows.common-controls_6595b64144ccf1df_6.0.19041.1052_none_60b8f8fd71f5e8cb\COMCTL32.dll
0x00007ff980a10000 - 0x00007ff980a40000 	C:\WINDOWS\System32\IMM32.DLL
0x00007ff947fa0000 - 0x00007ff94808f000 	C:\Users\Bob Bu\.jdks\corretto-1.8.0_292\jre\bin\msvcr120.dll
0x00007ff947ef0000 - 0x00007ff947f96000 	C:\Users\Bob Bu\.jdks\corretto-1.8.0_292\jre\bin\msvcp120.dll
0x000000006c0c0000 - 0x000000006c92e000 	C:\Users\Bob Bu\.jdks\corretto-1.8.0_292\jre\bin\server\jvm.dll
0x00007ff982270000 - 0x00007ff982278000 	C:\WINDOWS\System32\PSAPI.DLL
0x00007ff96ca60000 - 0x00007ff96ca69000 	C:\WINDOWS\SYSTEM32\WSOCK32.dll
0x00007ff972a00000 - 0x00007ff972a27000 	C:\WINDOWS\SYSTEM32\WINMM.dll
0x00007ff97a2d0000 - 0x00007ff97a2da000 	C:\WINDOWS\SYSTEM32\VERSION.dll
0x00007ff981a10000 - 0x00007ff981a7b000 	C:\WINDOWS\System32\WS2_32.dll
0x00007ff978d70000 - 0x00007ff978d7f000 	C:\Users\Bob Bu\.jdks\corretto-1.8.0_292\jre\bin\verify.dll
0x00007ff96d640000 - 0x00007ff96d669000 	C:\Users\Bob Bu\.jdks\corretto-1.8.0_292\jre\bin\java.dll
0x00007ff95fd10000 - 0x00007ff95fd26000 	C:\Users\Bob Bu\.jdks\corretto-1.8.0_292\jre\bin\zip.dll
0x00007ff981250000 - 0x00007ff98198f000 	C:\WINDOWS\System32\SHELL32.dll
0x00007ff97de60000 - 0x00007ff97e5f0000 	C:\WINDOWS\SYSTEM32\windows.storage.dll
0x00007ff981f10000 - 0x00007ff982265000 	C:\WINDOWS\System32\combase.dll
0x00007ff97f780000 - 0x00007ff97f7ac000 	C:\WINDOWS\SYSTEM32\Wldp.dll
0x00007ff9824e0000 - 0x00007ff98258e000 	C:\WINDOWS\System32\SHCORE.dll
0x00007ff9819b0000 - 0x00007ff981a05000 	C:\WINDOWS\System32\shlwapi.dll
0x00007ff97fc50000 - 0x00007ff97fc6f000 	C:\WINDOWS\SYSTEM32\profapi.dll
0x000000006e700000 - 0x000000006e72a000 	C:\Users\Bob Bu\AppData\Local\Temp\libgdxBob Bu\e1cd32f8\gdx64.dll
0x0000000180000000 - 0x0000000180053000 	C:\Users\Bob Bu\AppData\Local\Temp\libgdxBob Bu\1cecf4f6\lwjgl64.dll
0x00007ff94c650000 - 0x00007ff94c776000 	C:\WINDOWS\SYSTEM32\OPENGL32.dll
0x00007ff956330000 - 0x00007ff95635c000 	C:\WINDOWS\SYSTEM32\GLU32.dll
0x0000019dc5ea0000 - 0x0000019dc5f04000 	C:\Users\BOBBU~1\AppData\Local\Temp\libgdxBob Bu\1cecf4f6\OpenAL64.dll
0x00007ff9808e0000 - 0x00007ff980a0a000 	C:\WINDOWS\System32\ole32.dll
0x00007ff97e600000 - 0x00007ff97e612000 	C:\WINDOWS\SYSTEM32\kernel.appcore.dll
0x00007ff97fec0000 - 0x00007ff97ff43000 	C:\WINDOWS\System32\bcryptPrimitives.dll
0x00007ff97d6b0000 - 0x00007ff97d74e000 	C:\WINDOWS\system32\uxtheme.dll
0x00007ff9811a0000 - 0x00007ff981249000 	C:\WINDOWS\System32\clbcatq.dll
0x00007ff939b30000 - 0x00007ff939bcc000 	C:\WINDOWS\SYSTEM32\dsound.dll
0x00007ff97f300000 - 0x00007ff97f34b000 	C:\WINDOWS\SYSTEM32\powrprof.dll
0x00007ff951970000 - 0x00007ff951996000 	C:\WINDOWS\SYSTEM32\winmmbase.dll
0x00007ff97f170000 - 0x00007ff97f182000 	C:\WINDOWS\SYSTEM32\UMPDC.dll
0x00007ff9792e0000 - 0x00007ff979365000 	C:\WINDOWS\System32\MMDevApi.dll
0x00007ff97fac0000 - 0x00007ff97faec000 	C:\WINDOWS\System32\DEVOBJ.dll
0x00007ff980590000 - 0x00007ff9805de000 	C:\WINDOWS\System32\cfgmgr32.dll
0x00007ff9765d0000 - 0x00007ff976751000 	C:\WINDOWS\SYSTEM32\AUDIOSES.DLL
0x00007ff982280000 - 0x00007ff98234d000 	C:\WINDOWS\System32\OLEAUT32.dll
0x00007ff97d7e0000 - 0x00007ff97d7f4000 	C:\WINDOWS\SYSTEM32\resourcepolicyclient.dll
0x00007ff96c7b0000 - 0x00007ff96c85e000 	C:\WINDOWS\SYSTEM32\mscms.dll
0x00007ff96c440000 - 0x00007ff96c451000 	C:\WINDOWS\SYSTEM32\ColorAdapterClient.dll
0x00007ff97fc10000 - 0x00007ff97fc3e000 	C:\WINDOWS\SYSTEM32\USERENV.dll
0x00007ff981d50000 - 0x00007ff981e65000 	C:\WINDOWS\System32\MSCTF.dll
0x00007ff978be0000 - 0x00007ff978cd9000 	C:\Windows\System32\AppXDeploymentClient.dll
0x00007ff90d710000 - 0x00007ff9100ad000 	C:\WINDOWS\System32\DriverStore\FileRepository\nv_dispwi.inf_amd64_28281b88e8fc03f7\nvoglv64.dll
0x00007ff980b50000 - 0x00007ff980fb9000 	C:\WINDOWS\System32\SETUPAPI.dll
0x00007ff97fde0000 - 0x00007ff97fe07000 	C:\WINDOWS\System32\bcrypt.dll
0x00007ff97a6f0000 - 0x00007ff97a704000 	C:\WINDOWS\SYSTEM32\WTSAPI32.dll
0x00007ff97f900000 - 0x00007ff97f912000 	C:\WINDOWS\SYSTEM32\msasn1.dll
0x00007ff97a070000 - 0x00007ff97a0a1000 	C:\WINDOWS\SYSTEM32\cryptnet.dll
0x00007ff980430000 - 0x00007ff98058f000 	C:\WINDOWS\System32\CRYPT32.dll
0x00007ff97f6e0000 - 0x00007ff97f6ec000 	C:\WINDOWS\SYSTEM32\cryptbase.dll
0x00007ff9805e0000 - 0x00007ff980640000 	C:\WINDOWS\System32\WINTRUST.dll
0x00007ff97eb70000 - 0x00007ff97eba3000 	C:\WINDOWS\SYSTEM32\ntmarta.dll
0x00007ff96f3b0000 - 0x00007ff96f3eb000 	C:\WINDOWS\SYSTEM32\dxcore.dll
0x00007ff93e810000 - 0x00007ff93eac9000 	C:\WINDOWS\system32\nvspcap64.dll
0x00007ff97d9e0000 - 0x00007ff97da0f000 	C:\WINDOWS\SYSTEM32\dwmapi.dll
0x00007ff96a2f0000 - 0x00007ff96a3e9000 	C:\WINDOWS\SYSTEM32\textinputframework.dll
0x00007ff97cc00000 - 0x00007ff97cf5e000 	C:\WINDOWS\System32\CoreUIComponents.dll
0x00007ff97d2f0000 - 0x00007ff97d3e2000 	C:\WINDOWS\System32\CoreMessaging.dll
0x00007ff97b540000 - 0x00007ff97b694000 	C:\WINDOWS\SYSTEM32\wintypes.dll
0x00007ff96d5f0000 - 0x00007ff96d633000 	C:\WINDOWS\SYSTEM32\icm32.dll
0x00007ff97eac0000 - 0x00007ff97eb1a000 	C:\WINDOWS\SYSTEM32\WINSTA.dll
0x000000006a340000 - 0x000000006a3eb000 	C:\Users\Bob Bu\AppData\Local\Temp\libgdxBob Bu\ad089354\gdx-freetype64.dll
0x00007ff9798d0000 - 0x00007ff979ab4000 	C:\WINDOWS\SYSTEM32\dbghelp.dll

VM Arguments:
jvm_args: -Dfile.encoding=windows-1252 -Duser.country=CA -Duser.language=en -Duser.variant 
java_command: gamejam.rhythm.game.desktop.DesktopLauncher
java_class_path (initial): C:\Users\Bob Bu\3D Objects\cpsc210\RhythmGamev2\RhythmGame\desktop\build\classes\java\main;C:\Users\Bob Bu\3D Objects\cpsc210\RhythmGamev2\RhythmGame\desktop\build\resources\main;C:\Users\Bob Bu\.gradle\caches\modules-2\files-2.1\com.badlogicgames.gdx\gdx-tools\1.10.0\d699cf4953fb42a071c7c3feb9b5c45601aa6a4b\gdx-tools-1.10.0.jar;C:\Users\Bob Bu\.gradle\caches\modules-2\files-2.1\com.badlogicgames.gdx\gdx-backend-lwjgl\1.10.0\58ff89d9e4fd8a82591367f187d606e781cacc05\gdx-backend-lwjgl-1.10.0.jar;C:\Users\Bob Bu\.gradle\caches\modules-2\files-2.1\com.badlogicgames.gdx\gdx-platform\1.10.0\9a8fa793d2fd6d360afc6c9e4c1f5583da263b88\gdx-platform-1.10.0-natives-desktop.jar;C:\Users\Bob Bu\.gradle\caches\modules-2\files-2.1\com.badlogicgames.gdx\gdx-box2d-platform\1.10.0\588c4191c5a64ed39365e71484aa37d81c38eb5e\gdx-box2d-platform-1.10.0-natives-desktop.jar;C:\Users\Bob Bu\3D Objects\cpsc210\RhythmGamev2\RhythmGame\core\build\libs\core-1.0.jar;C:\Users\Bob Bu\.gradle\caches\modules-2\files-2.1\com.badlogicgames.gdx\gdx-freetype-platform\1.10.0\6e5d28752759e69384f12e4569d2c884ff71352f\gdx-freetype-platform-1.10.0-natives-desktop.jar;C:\Users\Bob Bu\.gradle\caches\modules-2\files-2.1\com.badlogicgames.gdx\gdx-backend-headless\1.10.0\990eadbb431197c5b9b816d1659c772e0268e65\gdx-backend-headless-1.10.0.jar;C:\Users\Bob Bu\.gradle\caches\modules-2\files-2.1\com.badlogicgames.gdx\gdx-freetype\1.10.0\de1d0d5c1e92e8d91364256fd6b7bb279d3e9859\gdx-freetype-1.10.0.jar;C:\Users\Bob Bu\.gradle\caches\modules-2\files-2.1\com.badlogicgames.gdx\gdx-box2d\1.10.0\b3a3c0f00b90716238835434d0ae8985604c37f8\gdx-box2d-1.10.0.jar;C:\Users\Bob Bu\.gradle\caches\modules-2\files-2.1\com.badlogicgames.gdx\gdx-ai\1.8.2\ab75d2ce80ab1b1ce6828a15dc0f417abac4c674\gdx-ai-1.8.2.jar;C:\Users\Bob Bu\.gradle\caches\modules-2\files-2.1\com.badlogicgames.gdx\gdx\1.10.0\74c240f79dc4fb6b766a834249600d0a019d0489\gdx-1.10.0.jar;C:\Users\Bob Bu\.gradle\caches\modules-2\files-2.1\org.lwjgl.lwjg
Launcher Type: SUN_STANDARD

Environment Variables:
PATH=C:\Program Files\Java\jre1.8.0_271\bin;C:\Program Files\Common Files\Oracle\Java\javapath;C:\ProgramData\Anaconda3;C:\ProgramData\Anaconda3\Library\mingw-w64\bin;C:\ProgramData\Anaconda3\Library\bin;C:\ProgramData\Anaconda3\Scripts;C:\Program Files (x86)\Common Files\Oracle\Java\javapath;C:\ProgramData\Oracle\Java\javapath;C:\Program Files (x86)\Intel\iCLS Client\;C:\Program Files\Intel\iCLS Client\;C:\WINDOWS\system32;C:\WINDOWS;C:\WINDOWS\System32\Wbem;C:\WINDOWS\System32\WindowsPowerShell\v1.0\;C:\Program Files (x86)\Intel\Intel(R) Management Engine Components\DAL;C:\Program Files\Intel\Intel(R) Management Engine Components\DAL;C:\Program Files (x86)\Intel\Intel(R) Management Engine Components\IPT;C:\Program Files\Intel\Intel(R) Management Engine Components\IPT;C:\Program Files\WIDCOMM\Bluetooth Software\;C:\Program Files\WIDCOMM\Bluetooth Software\syswow64;C:\WINDOWS\System32\OpenSSH\;C:\Program Files\NVIDIA Corporation\NVIDIA NvDLISR;C:\Program Files\nodejs\;C:\ProgramData\chocolatey\bin;C:\WINDOWS\system32;C:\WINDOWS;C:\WINDOWS\System32\Wbem;C:\WINDOWS\System32\WindowsPowerShell\v1.0\;C:\WINDOWS\System32\OpenSSH\;C:\Program Files\MATLAB\R2021a\runtime\win64;C:\Program Files\MATLAB\R2021a\bin;C:\Program Files\Git\cmd;C:\Program Files\MySQL\MySQL Shell 8.0\bin\;C:\Users\Bob Bu\AppData\Local\Microsoft\WindowsApps;;C:\Users\Bob Bu\AppData\Local\Programs\Microsoft VS Code\bin;C:\Program Files\JetBrains\IntelliJ IDEA Community Edition 2020.2.1\bin;;C:\Users\Bob Bu\AppData\Roaming\npm;C:\Program Files\JetBrains\PyCharm 2020.3.1\bin;;C:\texlive\2020\bin\win32;C:\Program Files\JetBrains\PyCharm Community Edition 2020.3.3\bin;
USERNAME=Bob Bu
OS=Windows_NT
PROCESSOR_IDENTIFIER=Intel64 Family 6 Model 63 Stepping 2, GenuineIntel



---------------  S Y S T E M  ---------------

OS: Windows 10.0 , 64 bit Build 19041 (10.0.19041.1023)

CPU:total 12 (initial active 12) (6 cores per cpu, 2 threads per core) family 6 model 63 stepping 2, cmov, cx8, fxsr, mmx, sse, sse2, sse3, ssse3, sse4.1, sse4.2, popcnt, avx, avx2, aes, clmul, erms, lzcnt, ht, tsc, tscinvbit, bmi1, bmi2

Memory: 4k page, physical 16686324k(6424220k free), swap 22818036k(5648912k free)

vm_info: OpenJDK 64-Bit Server VM (25.292-b10) for windows-amd64 JRE (1.8.0_292-b10), built on Apr 14 2021 23:06:53 by "Administrator" with MS VC++ 12.0 (VS2013)

time: Sun Jun 13 03:43:24 2021
timezone: Mountain Summer Time
elapsed time: 3.340114 seconds (0d 0h 0m 3s)

