#
# A fatal error has been detected by the Java Runtime Environment:
#
#  EXCEPTION_ACCESS_VIOLATION (0xc0000005) at pc=0x00000238636d25ab, pid=18428, tid=0x0000000000002628
#
# JRE version: OpenJDK Runtime Environment (8.0_292-b10) (build 1.8.0_292-b10)
# Java VM: OpenJDK 64-Bit Server VM (25.292-b10 mixed mode windows-amd64 compressed oops)
# Problematic frame:
# C  0x00000238636d25ab
#
# Failed to write core dump. Minidumps are not enabled by default on client versions of Windows
#
# If you would like to submit a bug report, please visit:
#   https://github.com/corretto/corretto-8/issues/
# The crash happened outside the Java Virtual Machine in native code.
# See problematic frame for where to report the bug.
#

---------------  T H R E A D  ---------------

Current thread (0x000002385bc8f000):  JavaThread "LWJGL Application" [_thread_in_native, id=9768, stack(0x000000fd5a700000,0x000000fd5a800000)]

siginfo: ExceptionCode=0xc0000005, reading address 0x000002385c823400

Registers:
RAX=0x000002385d31a8b8, RBX=0x00000238604f0000, RCX=0x00000238604f0000, RDX=0x000002385c823400
RSP=0x000000fd5a7fe3e0, RBP=0x000002385c82340c, RSI=0x0000000000000006, RDI=0x000002385c105290
R8 =0x000002385c823400, R9 =0x0000000000000006, R10=0x0000000000000096, R11=0x000002385c82340c
R12=0x0000000000000006, R13=0x0000000000000078, R14=0x0000000000000000, R15=0x000002385d31a8b8
RIP=0x00000238636d25ab, EFLAGS=0x0000000000010202

Top of Stack: (sp=0x000000fd5a7fe3e0)
0x000000fd5a7fe3e0:   0000023800000000 000002385c105290
0x000000fd5a7fe3f0:   0000000000000006 0000000000000000
0x000000fd5a7fe400:   00000238604f0000 00007ff90e586768
0x000000fd5a7fe410:   0000000000000006 000002385c105290
0x000000fd5a7fe420:   0000023862aa5b70 0000000000000000
0x000000fd5a7fe430:   00000238604f0000 0000000000000000
0x000000fd5a7fe440:   00007ff90e59b810 0000000000000001
0x000000fd5a7fe450:   0000023800000096 000002385d31a8b8
0x000000fd5a7fe460:   0000023800000000 0000000000000000
0x000000fd5a7fe470:   000002385c823400 0000000000000006
0x000000fd5a7fe480:   00000238636d2580 000002386054bc78
0x000000fd5a7fe490:   000002385c823400 000002385c105290
0x000000fd5a7fe4a0:   000002385c21dde0 00007ff90e437548
0x000000fd5a7fe4b0:   0000000000000000 00000238604f0000
0x000000fd5a7fe4c0:   0000000000000000 00000238604f0000
0x000000fd5a7fe4d0:   0000000000000000 00007ff90e59b810 

Instructions: (pc=0x00000238636d25ab)
0x00000238636d258b:   5c 24 18 48 89 74 24 10 48 89 7c 24 08 48 8b d9
0x00000238636d259b:   48 8b c2 49 8b e9 49 8b d0 48 8d 2c 6a 4c 8b dd
0x00000238636d25ab:   0f b7 0a 49 ba 10 2a 57 60 38 02 00 00 41 03 0a
0x00000238636d25bb:   48 83 c2 02 48 be 50 c7 54 60 38 02 00 00 48 8b 


Register to memory mapping:

RAX=0x000002385d31a8b8 is an unknown value
RBX=0x00000238604f0000 is an unknown value
RCX=0x00000238604f0000 is an unknown value
RDX=0x000002385c823400 is an unknown value
RSP=0x000000fd5a7fe3e0 is pointing into the stack for thread: 0x000002385bc8f000
RBP=0x000002385c82340c is an unknown value
RSI=0x0000000000000006 is an unknown value
RDI=0x000002385c105290 is an unknown value
R8 =0x000002385c823400 is an unknown value
R9 =0x0000000000000006 is an unknown value
R10=0x0000000000000096 is an unknown value
R11=0x000002385c82340c is an unknown value
R12=0x0000000000000006 is an unknown value
R13=0x0000000000000078 is an unknown value
R14=0x0000000000000000 is an unknown value
R15=0x000002385d31a8b8 is an unknown value


Stack: [0x000000fd5a700000,0x000000fd5a800000],  sp=0x000000fd5a7fe3e0,  free space=1016k
Native frames: (J=compiled Java code, j=interpreted, Vv=VM code, C=native code)
C  0x00000238636d25ab

Java frames: (J=compiled Java code, j=interpreted, Vv=VM code)
j  org.lwjgl.opengl.GL11.nglDrawElements(IIIJJ)V+0
J 665 C1 org.lwjgl.opengl.GL11.glDrawElements(ILjava/nio/ShortBuffer;)V (38 bytes) @ 0x00000238401aa05c [0x00000238401a9740+0x91c]
j  com.badlogic.gdx.backends.lwjgl.LwjglGL20.glDrawElements(IIILjava/nio/Buffer;)V+21
j  com.badlogic.gdx.graphics.Mesh.render(Lcom/badlogic/gdx/graphics/glutils/ShaderProgram;IIIZ)V+88
J 649 C1 com.badlogic.gdx.graphics.g2d.SpriteBatch.flush()V (193 bytes) @ 0x00000238401a2344 [0x00000238401a0960+0x19e4]
J 673 C1 com.badlogic.gdx.graphics.g2d.SpriteBatch.draw(Lcom/badlogic/gdx/graphics/Texture;FFFF)V (279 bytes) @ 0x00000238401adb3c [0x00000238401ad900+0x23c]
j  gamejam.rhythm.game.PauseClass.render(F)V+602
j  com.badlogic.gdx.Game.render()V+19
j  gamejam.rhythm.game.Rhythm.render()V+1
j  com.badlogic.gdx.backends.lwjgl.LwjglApplication.mainLoop()V+776
j  com.badlogic.gdx.backends.lwjgl.LwjglApplication$1.run()V+27
v  ~StubRoutines::call_stub

---------------  P R O C E S S  ---------------

Java Threads: ( => current thread )
  0x0000023862949000 JavaThread "LWJGL Timer" daemon [_thread_blocked, id=18052, stack(0x000000fd5ae00000,0x000000fd5af00000)]
  0x000002383e560000 JavaThread "DestroyJavaVM" [_thread_blocked, id=15828, stack(0x000000fd58f00000,0x000000fd59000000)]
=>0x000002385bc8f000 JavaThread "LWJGL Application" [_thread_in_native, id=9768, stack(0x000000fd5a700000,0x000000fd5a800000)]
  0x000002385b738800 JavaThread "Service Thread" daemon [_thread_blocked, id=24500, stack(0x000000fd5a300000,0x000000fd5a400000)]
  0x000002385927f800 JavaThread "C1 CompilerThread3" daemon [_thread_blocked, id=18020, stack(0x000000fd5a200000,0x000000fd5a300000)]
  0x000002385927d800 JavaThread "C2 CompilerThread2" daemon [_thread_blocked, id=23180, stack(0x000000fd5a100000,0x000000fd5a200000)]
  0x0000023859263000 JavaThread "C2 CompilerThread1" daemon [_thread_blocked, id=23616, stack(0x000000fd5a000000,0x000000fd5a100000)]
  0x0000023859260800 JavaThread "C2 CompilerThread0" daemon [_thread_blocked, id=22084, stack(0x000000fd59f00000,0x000000fd5a000000)]
  0x0000023859256000 JavaThread "Attach Listener" daemon [_thread_blocked, id=23904, stack(0x000000fd59e00000,0x000000fd59f00000)]
  0x000002385925b800 JavaThread "Signal Dispatcher" daemon [_thread_blocked, id=24568, stack(0x000000fd59d00000,0x000000fd59e00000)]
  0x000002385922b800 JavaThread "Finalizer" daemon [_thread_blocked, id=11452, stack(0x000000fd59c00000,0x000000fd59d00000)]
  0x0000023859224000 JavaThread "Reference Handler" daemon [_thread_blocked, id=22172, stack(0x000000fd59b00000,0x000000fd59c00000)]

Other Threads:
  0x00000238591fb800 VMThread [stack: 0x000000fd59a00000,0x000000fd59b00000] [id=16264]
  0x000002385b73b000 WatcherThread [stack: 0x000000fd5a400000,0x000000fd5a500000] [id=22012]

VM state:not at safepoint (normal execution)

VM Mutex/Monitor currently owned by a thread: None

heap address: 0x00000006c1600000, size: 4074 MB, Compressed Oops mode: Zero based, Oop shift amount: 3
Narrow klass base: 0x0000000000000000, Narrow klass shift: 3
Compressed class space size: 1073741824 Address: 0x00000007c0000000

Heap:
 PSYoungGen      total 76288K, used 21324K [0x000000076b200000, 0x0000000770700000, 0x00000007c0000000)
  eden space 65536K, 32% used [0x000000076b200000,0x000000076c6d3000,0x000000076f200000)
  from space 10752K, 0% used [0x000000076fc80000,0x000000076fc80000,0x0000000770700000)
  to   space 10752K, 0% used [0x000000076f200000,0x000000076f200000,0x000000076fc80000)
 ParOldGen       total 175104K, used 0K [0x00000006c1600000, 0x00000006cc100000, 0x000000076b200000)
  object space 175104K, 0% used [0x00000006c1600000,0x00000006c1600000,0x00000006cc100000)
 Metaspace       used 7173K, capacity 7331K, committed 7424K, reserved 1056768K
  class space    used 664K, capacity 688K, committed 768K, reserved 1048576K

Card table byte_map: [0x000002384f2a0000,0x000002384faa0000] byte_map_base: 0x000002384bc95000

Marking Bits: (ParMarkBitMap*) 0x000000006c8af7f0
 Begin Bits: [0x000002384fff0000, 0x0000023853f98000)
 End Bits:   [0x0000023853f98000, 0x0000023857f40000)

Polling page: 0x000002383feb0000

CodeCache: size=245760Kb used=2991Kb max_used=2991Kb free=242768Kb
 bounds [0x000002383fee0000, 0x00000238401d0000, 0x000002384eee0000]
 total_blobs=1152 nmethods=703 adapters=362
 compilation: enabled

Compilation events (10 events):
Event: 2.190 Thread 0x000002385927f800 nmethod 698 0x00000238401c31d0 code [0x00000238401c3320, 0x00000238401c3518]
Event: 2.192 Thread 0x000002385927f800  699       3       com.badlogic.gdx.graphics.Pixmap::getFormat (11 bytes)
Event: 2.192 Thread 0x000002385927f800 nmethod 699 0x00000238401c90d0 code [0x00000238401c9240, 0x00000238401c93f0]
Event: 2.192 Thread 0x000002385927f800  700       3       com.badlogic.gdx.graphics.Pixmap$Format::fromGdx2DPixmapFormat (82 bytes)
Event: 2.192 Thread 0x000002385927f800 nmethod 700 0x00000238401c8190 code [0x00000238401c8380, 0x00000238401c8d40]
Event: 2.193 Thread 0x000002385927f800  701       1       sun.misc.URLClassPath$FileLoader$1::getURL (5 bytes)
Event: 2.193 Thread 0x000002385927f800 nmethod 701 0x00000238401c1f90 code [0x00000238401c20e0, 0x00000238401c21f8]
Event: 2.193 Thread 0x000002385927f800  702       1       sun.net.DefaultProgressMeteringPolicy::shouldMeterInput (2 bytes)
Event: 2.193 Thread 0x000002385927f800 nmethod 702 0x00000238401c7ed0 code [0x00000238401c8020, 0x00000238401c8138]
Event: 2.194 Thread 0x000002385927f800  703       3       com.badlogic.gdx.graphics.Mesh::render (341 bytes)

GC Heap History (0 events):
No events

Deoptimization events (9 events):
Event: 1.309 Thread 0x000002385bc8f000 Uncommon trap: reason=unstable_if action=reinterpret pc=0x0000023840129f58 method=java.io.WinNTFileSystem.normalize(Ljava/lang/String;)Ljava/lang/String; @ 128
Event: 1.320 Thread 0x000002385bc8f000 Uncommon trap: reason=unstable_if action=reinterpret pc=0x000002384004185c method=java.lang.String.indexOf([CII[CIII)I @ 3
Event: 1.363 Thread 0x000002385bc8f000 Uncommon trap: reason=unstable_if action=reinterpret pc=0x0000023840172d4c method=java.util.regex.Matcher.search(I)Z @ 30
Event: 1.363 Thread 0x000002385bc8f000 Uncommon trap: reason=bimorphic action=maybe_recompile pc=0x0000023840159ad4 method=java.util.regex.Pattern$BmpCharProperty.match(Ljava/util/regex/Matcher;ILjava/lang/CharSequence;)Z @ 31
Event: 1.363 Thread 0x000002385bc8f000 Uncommon trap: reason=class_check action=maybe_recompile pc=0x0000023840159a50 method=java.util.regex.Pattern$BmpCharProperty.match(Ljava/util/regex/Matcher;ILjava/lang/CharSequence;)Z @ 16
Event: 1.363 Thread 0x000002385bc8f000 Uncommon trap: reason=class_check action=maybe_recompile pc=0x0000023840159a50 method=java.util.regex.Pattern$BmpCharProperty.match(Ljava/util/regex/Matcher;ILjava/lang/CharSequence;)Z @ 16
Event: 1.363 Thread 0x000002385bc8f000 Uncommon trap: reason=class_check action=maybe_recompile pc=0x0000023840159a50 method=java.util.regex.Pattern$BmpCharProperty.match(Ljava/util/regex/Matcher;ILjava/lang/CharSequence;)Z @ 16
Event: 1.363 Thread 0x000002385bc8f000 Uncommon trap: reason=bimorphic action=maybe_recompile pc=0x0000023840159ad4 method=java.util.regex.Pattern$BmpCharProperty.match(Ljava/util/regex/Matcher;ILjava/lang/CharSequence;)Z @ 31
Event: 1.363 Thread 0x000002385bc8f000 Uncommon trap: reason=class_check action=maybe_recompile pc=0x0000023840159a50 method=java.util.regex.Pattern$BmpCharProperty.match(Ljava/util/regex/Matcher;ILjava/lang/CharSequence;)Z @ 16

Classes redefined (0 events):
No events

Internal exceptions (10 events):
Event: 0.168 Thread 0x000002383e560000 Exception <a 'java/security/PrivilegedActionException'> (0x000000076b5f4648) thrown at [C:\wsjdk\Corretto8Src\installers\windows\zip\corretto-build\buildRoot\src\hotspot\src\share\vm\prims\jvm.cpp, line 1523]
Event: 0.169 Thread 0x000002383e560000 Exception <a 'java/security/PrivilegedActionException'> (0x000000076b5f8928) thrown at [C:\wsjdk\Corretto8Src\installers\windows\zip\corretto-build\buildRoot\src\hotspot\src\share\vm\prims\jvm.cpp, line 1523]
Event: 0.169 Thread 0x000002383e560000 Exception <a 'java/security/PrivilegedActionException'> (0x000000076b5f8b38) thrown at [C:\wsjdk\Corretto8Src\installers\windows\zip\corretto-build\buildRoot\src\hotspot\src\share\vm\prims\jvm.cpp, line 1523]
Event: 0.212 Thread 0x000002383e560000 Exception <a 'java/security/PrivilegedActionException'> (0x000000076b6e29c0) thrown at [C:\wsjdk\Corretto8Src\installers\windows\zip\corretto-build\buildRoot\src\hotspot\src\share\vm\prims\jvm.cpp, line 1523]
Event: 0.213 Thread 0x000002383e560000 Exception <a 'java/security/PrivilegedActionException'> (0x000000076b6e4698) thrown at [C:\wsjdk\Corretto8Src\installers\windows\zip\corretto-build\buildRoot\src\hotspot\src\share\vm\prims\jvm.cpp, line 1523]
Event: 0.213 Thread 0x000002383e560000 Exception <a 'java/security/PrivilegedActionException'> (0x000000076b6e5808) thrown at [C:\wsjdk\Corretto8Src\installers\windows\zip\corretto-build\buildRoot\src\hotspot\src\share\vm\prims\jvm.cpp, line 1523]
Event: 0.213 Thread 0x000002383e560000 Exception <a 'java/security/PrivilegedActionException'> (0x000000076b6ea988) thrown at [C:\wsjdk\Corretto8Src\installers\windows\zip\corretto-build\buildRoot\src\hotspot\src\share\vm\prims\jvm.cpp, line 1523]
Event: 0.213 Thread 0x000002383e560000 Exception <a 'java/security/PrivilegedActionException'> (0x000000076b6eb5e0) thrown at [C:\wsjdk\Corretto8Src\installers\windows\zip\corretto-build\buildRoot\src\hotspot\src\share\vm\prims\jvm.cpp, line 1523]
Event: 0.213 Thread 0x000002383e560000 Exception <a 'java/security/PrivilegedActionException'> (0x000000076b6ec208) thrown at [C:\wsjdk\Corretto8Src\installers\windows\zip\corretto-build\buildRoot\src\hotspot\src\share\vm\prims\jvm.cpp, line 1523]
Event: 0.638 Thread 0x000002385bc8f000 Exception <a 'java/io/FileNotFoundException'> (0x000000076be9ae58) thrown at [C:\wsjdk\Corretto8Src\installers\windows\zip\corretto-build\buildRoot\src\hotspot\src\share\vm\prims\jni.cpp, line 711]

Events (10 events):
Event: 1.366 loading class sun/misc/FormattedFloatingDecimal$2
Event: 1.366 loading class sun/misc/FormattedFloatingDecimal$2 done
Event: 1.367 loading class gamejam/rhythm/game/tools/ArrowRectangle
Event: 1.367 loading class gamejam/rhythm/game/tools/ArrowRectangle done
Event: 1.619 loading class org/lwjgl/opengl/WindowsKeycodes
Event: 1.619 loading class org/lwjgl/opengl/WindowsKeycodes done
Event: 1.621 loading class gamejam/rhythm/game/PauseClass
Event: 1.621 loading class gamejam/rhythm/game/PauseClass done
Event: 1.637 Thread 0x000002385bc8f000 DEOPT PACKING pc=0x000002384015b6b6 sp=0x000000fd5a7fd5a0
Event: 1.637 Thread 0x000002385bc8f000 DEOPT UNPACKING pc=0x000002383ff275d8 sp=0x000000fd5a7fd278 mode 0


Dynamic libraries:
0x00007ff7a8a00000 - 0x00007ff7a8a3a000 	C:\Users\Bob Bu\.jdks\corretto-1.8.0_292\bin\java.exe
0x00007ff9825d0000 - 0x00007ff9827c5000 	C:\WINDOWS\SYSTEM32\ntdll.dll
0x00007ff981b00000 - 0x00007ff981bbd000 	C:\WINDOWS\System32\KERNEL32.DLL
0x00007ff97ff50000 - 0x00007ff980218000 	C:\WINDOWS\System32\KERNELBASE.dll
0x00007ff980aa0000 - 0x00007ff980b4c000 	C:\WINDOWS\System32\ADVAPI32.dll
0x00007ff981e70000 - 0x00007ff981f0e000 	C:\WINDOWS\System32\msvcrt.dll
0x00007ff982440000 - 0x00007ff9824db000 	C:\WINDOWS\System32\sechost.dll
0x00007ff981c20000 - 0x00007ff981d4b000 	C:\WINDOWS\System32\RPCRT4.dll
0x00007ff980740000 - 0x00007ff9808e0000 	C:\WINDOWS\System32\USER32.dll
0x00007ff97fdb0000 - 0x00007ff97fdd2000 	C:\WINDOWS\System32\win32u.dll
0x00007ff981170000 - 0x00007ff98119a000 	C:\WINDOWS\System32\GDI32.dll
0x00007ff980220000 - 0x00007ff98032b000 	C:\WINDOWS\System32\gdi32full.dll
0x00007ff97fd10000 - 0x00007ff97fdad000 	C:\WINDOWS\System32\msvcp_win.dll
0x00007ff980330000 - 0x00007ff980430000 	C:\WINDOWS\System32\ucrtbase.dll
0x00007ff972120000 - 0x00007ff9723ba000 	C:\WINDOWS\WinSxS\amd64_microsoft.windows.common-controls_6595b64144ccf1df_6.0.19041.1052_none_60b8f8fd71f5e8cb\COMCTL32.dll
0x00007ff980a10000 - 0x00007ff980a40000 	C:\WINDOWS\System32\IMM32.DLL
0x00007ff947fa0000 - 0x00007ff94808f000 	C:\Users\Bob Bu\.jdks\corretto-1.8.0_292\jre\bin\msvcr120.dll
0x00007ff947ef0000 - 0x00007ff947f96000 	C:\Users\Bob Bu\.jdks\corretto-1.8.0_292\jre\bin\msvcp120.dll
0x000000006c0c0000 - 0x000000006c92e000 	C:\Users\Bob Bu\.jdks\corretto-1.8.0_292\jre\bin\server\jvm.dll
0x00007ff982270000 - 0x00007ff982278000 	C:\WINDOWS\System32\PSAPI.DLL
0x00007ff972a00000 - 0x00007ff972a27000 	C:\WINDOWS\SYSTEM32\WINMM.dll
0x00007ff97a2d0000 - 0x00007ff97a2da000 	C:\WINDOWS\SYSTEM32\VERSION.dll
0x00007ff96ca60000 - 0x00007ff96ca69000 	C:\WINDOWS\SYSTEM32\WSOCK32.dll
0x00007ff981a10000 - 0x00007ff981a7b000 	C:\WINDOWS\System32\WS2_32.dll
0x00007ff978d70000 - 0x00007ff978d7f000 	C:\Users\Bob Bu\.jdks\corretto-1.8.0_292\jre\bin\verify.dll
0x00007ff96d640000 - 0x00007ff96d669000 	C:\Users\Bob Bu\.jdks\corretto-1.8.0_292\jre\bin\java.dll
0x00007ff95fd10000 - 0x00007ff95fd26000 	C:\Users\Bob Bu\.jdks\corretto-1.8.0_292\jre\bin\zip.dll
0x00007ff981250000 - 0x00007ff98198f000 	C:\WINDOWS\System32\SHELL32.dll
0x00007ff97de60000 - 0x00007ff97e5f0000 	C:\WINDOWS\SYSTEM32\windows.storage.dll
0x00007ff981f10000 - 0x00007ff982265000 	C:\WINDOWS\System32\combase.dll
0x00007ff97f780000 - 0x00007ff97f7ac000 	C:\WINDOWS\SYSTEM32\Wldp.dll
0x00007ff9824e0000 - 0x00007ff98258e000 	C:\WINDOWS\System32\SHCORE.dll
0x00007ff9819b0000 - 0x00007ff981a05000 	C:\WINDOWS\System32\shlwapi.dll
0x00007ff97fc50000 - 0x00007ff97fc6f000 	C:\WINDOWS\SYSTEM32\profapi.dll
0x000000006e700000 - 0x000000006e72a000 	C:\Users\Bob Bu\AppData\Local\Temp\libgdxBob Bu\e1cd32f8\gdx64.dll
0x0000000180000000 - 0x0000000180053000 	C:\Users\Bob Bu\AppData\Local\Temp\libgdxBob Bu\1cecf4f6\lwjgl64.dll
0x00007ff94c650000 - 0x00007ff94c776000 	C:\WINDOWS\SYSTEM32\OPENGL32.dll
0x00007ff956330000 - 0x00007ff95635c000 	C:\WINDOWS\SYSTEM32\GLU32.dll
0x000002385c380000 - 0x000002385c3e4000 	C:\Users\BOBBU~1\AppData\Local\Temp\libgdxBob Bu\1cecf4f6\OpenAL64.dll
0x00007ff9808e0000 - 0x00007ff980a0a000 	C:\WINDOWS\System32\ole32.dll
0x00007ff97e600000 - 0x00007ff97e612000 	C:\WINDOWS\SYSTEM32\kernel.appcore.dll
0x00007ff97fec0000 - 0x00007ff97ff43000 	C:\WINDOWS\System32\bcryptPrimitives.dll
0x00007ff97d6b0000 - 0x00007ff97d74e000 	C:\WINDOWS\system32\uxtheme.dll
0x00007ff9811a0000 - 0x00007ff981249000 	C:\WINDOWS\System32\clbcatq.dll
0x00007ff939b30000 - 0x00007ff939bcc000 	C:\WINDOWS\SYSTEM32\dsound.dll
0x00007ff97f300000 - 0x00007ff97f34b000 	C:\WINDOWS\SYSTEM32\powrprof.dll
0x00007ff951970000 - 0x00007ff951996000 	C:\WINDOWS\SYSTEM32\winmmbase.dll
0x00007ff97f170000 - 0x00007ff97f182000 	C:\WINDOWS\SYSTEM32\UMPDC.dll
0x00007ff9792e0000 - 0x00007ff979365000 	C:\WINDOWS\System32\MMDevApi.dll
0x00007ff97fac0000 - 0x00007ff97faec000 	C:\WINDOWS\System32\DEVOBJ.dll
0x00007ff980590000 - 0x00007ff9805de000 	C:\WINDOWS\System32\cfgmgr32.dll
0x00007ff9765d0000 - 0x00007ff976751000 	C:\WINDOWS\SYSTEM32\AUDIOSES.DLL
0x00007ff982280000 - 0x00007ff98234d000 	C:\WINDOWS\System32\OLEAUT32.dll
0x00007ff97d7e0000 - 0x00007ff97d7f4000 	C:\WINDOWS\SYSTEM32\resourcepolicyclient.dll
0x00007ff96c7b0000 - 0x00007ff96c85e000 	C:\WINDOWS\SYSTEM32\mscms.dll
0x00007ff97fc10000 - 0x00007ff97fc3e000 	C:\WINDOWS\SYSTEM32\USERENV.dll
0x00007ff96c440000 - 0x00007ff96c451000 	C:\WINDOWS\SYSTEM32\ColorAdapterClient.dll
0x00007ff981d50000 - 0x00007ff981e65000 	C:\WINDOWS\System32\MSCTF.dll
0x00007ff978be0000 - 0x00007ff978cd9000 	C:\Windows\System32\AppXDeploymentClient.dll
0x00007ff90d710000 - 0x00007ff9100ad000 	C:\WINDOWS\System32\DriverStore\FileRepository\nv_dispwi.inf_amd64_28281b88e8fc03f7\nvoglv64.dll
0x00007ff980b50000 - 0x00007ff980fb9000 	C:\WINDOWS\System32\SETUPAPI.dll
0x00007ff97fde0000 - 0x00007ff97fe07000 	C:\WINDOWS\System32\bcrypt.dll
0x00007ff97a6f0000 - 0x00007ff97a704000 	C:\WINDOWS\SYSTEM32\WTSAPI32.dll
0x00007ff97f900000 - 0x00007ff97f912000 	C:\WINDOWS\SYSTEM32\msasn1.dll
0x00007ff97a070000 - 0x00007ff97a0a1000 	C:\WINDOWS\SYSTEM32\cryptnet.dll
0x00007ff980430000 - 0x00007ff98058f000 	C:\WINDOWS\System32\CRYPT32.dll
0x00007ff97f6e0000 - 0x00007ff97f6ec000 	C:\WINDOWS\SYSTEM32\cryptbase.dll
0x00007ff9805e0000 - 0x00007ff980640000 	C:\WINDOWS\System32\WINTRUST.dll
0x00007ff97eb70000 - 0x00007ff97eba3000 	C:\WINDOWS\SYSTEM32\ntmarta.dll
0x00007ff96f3b0000 - 0x00007ff96f3eb000 	C:\WINDOWS\SYSTEM32\dxcore.dll
0x00007ff93e810000 - 0x00007ff93eac9000 	C:\WINDOWS\system32\nvspcap64.dll
0x00007ff97d9e0000 - 0x00007ff97da0f000 	C:\WINDOWS\SYSTEM32\dwmapi.dll
0x00007ff96a2f0000 - 0x00007ff96a3e9000 	C:\WINDOWS\SYSTEM32\textinputframework.dll
0x00007ff97cc00000 - 0x00007ff97cf5e000 	C:\WINDOWS\System32\CoreUIComponents.dll
0x00007ff97d2f0000 - 0x00007ff97d3e2000 	C:\WINDOWS\System32\CoreMessaging.dll
0x00007ff97b540000 - 0x00007ff97b694000 	C:\WINDOWS\SYSTEM32\wintypes.dll
0x00007ff96d5f0000 - 0x00007ff96d633000 	C:\WINDOWS\SYSTEM32\icm32.dll
0x00007ff97eac0000 - 0x00007ff97eb1a000 	C:\WINDOWS\SYSTEM32\WINSTA.dll
0x000000006a340000 - 0x000000006a3eb000 	C:\Users\Bob Bu\AppData\Local\Temp\libgdxBob Bu\ad089354\gdx-freetype64.dll
0x00007ff9798d0000 - 0x00007ff979ab4000 	C:\WINDOWS\SYSTEM32\dbghelp.dll

VM Arguments:
jvm_args: -Dfile.encoding=windows-1252 -Duser.country=CA -Duser.language=en -Duser.variant 
java_command: gamejam.rhythm.game.desktop.DesktopLauncher
java_class_path (initial): C:\Users\Bob Bu\3D Objects\cpsc210\RhythmGamev2\RhythmGame\desktop\build\classes\java\main;C:\Users\Bob Bu\3D Objects\cpsc210\RhythmGamev2\RhythmGame\desktop\build\resources\main;C:\Users\Bob Bu\.gradle\caches\modules-2\files-2.1\com.badlogicgames.gdx\gdx-tools\1.10.0\d699cf4953fb42a071c7c3feb9b5c45601aa6a4b\gdx-tools-1.10.0.jar;C:\Users\Bob Bu\.gradle\caches\modules-2\files-2.1\com.badlogicgames.gdx\gdx-backend-lwjgl\1.10.0\58ff89d9e4fd8a82591367f187d606e781cacc05\gdx-backend-lwjgl-1.10.0.jar;C:\Users\Bob Bu\.gradle\caches\modules-2\files-2.1\com.badlogicgames.gdx\gdx-platform\1.10.0\9a8fa793d2fd6d360afc6c9e4c1f5583da263b88\gdx-platform-1.10.0-natives-desktop.jar;C:\Users\Bob Bu\.gradle\caches\modules-2\files-2.1\com.badlogicgames.gdx\gdx-box2d-platform\1.10.0\588c4191c5a64ed39365e71484aa37d81c38eb5e\gdx-box2d-platform-1.10.0-natives-desktop.jar;C:\Users\Bob Bu\3D Objects\cpsc210\RhythmGamev2\RhythmGame\core\build\libs\core-1.0.jar;C:\Users\Bob Bu\.gradle\caches\modules-2\files-2.1\com.badlogicgames.gdx\gdx-freetype-platform\1.10.0\6e5d28752759e69384f12e4569d2c884ff71352f\gdx-freetype-platform-1.10.0-natives-desktop.jar;C:\Users\Bob Bu\.gradle\caches\modules-2\files-2.1\com.badlogicgames.gdx\gdx-backend-headless\1.10.0\990eadbb431197c5b9b816d1659c772e0268e65\gdx-backend-headless-1.10.0.jar;C:\Users\Bob Bu\.gradle\caches\modules-2\files-2.1\com.badlogicgames.gdx\gdx-freetype\1.10.0\de1d0d5c1e92e8d91364256fd6b7bb279d3e9859\gdx-freetype-1.10.0.jar;C:\Users\Bob Bu\.gradle\caches\modules-2\files-2.1\com.badlogicgames.gdx\gdx-box2d\1.10.0\b3a3c0f00b90716238835434d0ae8985604c37f8\gdx-box2d-1.10.0.jar;C:\Users\Bob Bu\.gradle\caches\modules-2\files-2.1\com.badlogicgames.gdx\gdx-ai\1.8.2\ab75d2ce80ab1b1ce6828a15dc0f417abac4c674\gdx-ai-1.8.2.jar;C:\Users\Bob Bu\.gradle\caches\modules-2\files-2.1\com.badlogicgames.gdx\gdx\1.10.0\74c240f79dc4fb6b766a834249600d0a019d0489\gdx-1.10.0.jar;C:\Users\Bob Bu\.gradle\caches\modules-2\files-2.1\org.lwjgl.lwjg
Launcher Type: SUN_STANDARD

Environment Variables:
PATH=C:\Program Files\Java\jre1.8.0_271\bin;C:\Program Files\Common Files\Oracle\Java\javapath;C:\ProgramData\Anaconda3;C:\ProgramData\Anaconda3\Library\mingw-w64\bin;C:\ProgramData\Anaconda3\Library\bin;C:\ProgramData\Anaconda3\Scripts;C:\Program Files (x86)\Common Files\Oracle\Java\javapath;C:\ProgramData\Oracle\Java\javapath;C:\Program Files (x86)\Intel\iCLS Client\;C:\Program Files\Intel\iCLS Client\;C:\WINDOWS\system32;C:\WINDOWS;C:\WINDOWS\System32\Wbem;C:\WINDOWS\System32\WindowsPowerShell\v1.0\;C:\Program Files (x86)\Intel\Intel(R) Management Engine Components\DAL;C:\Program Files\Intel\Intel(R) Management Engine Components\DAL;C:\Program Files (x86)\Intel\Intel(R) Management Engine Components\IPT;C:\Program Files\Intel\Intel(R) Management Engine Components\IPT;C:\Program Files\WIDCOMM\Bluetooth Software\;C:\Program Files\WIDCOMM\Bluetooth Software\syswow64;C:\WINDOWS\System32\OpenSSH\;C:\Program Files\NVIDIA Corporation\NVIDIA NvDLISR;C:\Program Files\nodejs\;C:\ProgramData\chocolatey\bin;C:\WINDOWS\system32;C:\WINDOWS;C:\WINDOWS\System32\Wbem;C:\WINDOWS\System32\WindowsPowerShell\v1.0\;C:\WINDOWS\System32\OpenSSH\;C:\Program Files\MATLAB\R2021a\runtime\win64;C:\Program Files\MATLAB\R2021a\bin;C:\Program Files\Git\cmd;C:\Program Files\MySQL\MySQL Shell 8.0\bin\;C:\Users\Bob Bu\AppData\Local\Microsoft\WindowsApps;;C:\Users\Bob Bu\AppData\Local\Programs\Microsoft VS Code\bin;C:\Program Files\JetBrains\IntelliJ IDEA Community Edition 2020.2.1\bin;;C:\Users\Bob Bu\AppData\Roaming\npm;C:\Program Files\JetBrains\PyCharm 2020.3.1\bin;;C:\texlive\2020\bin\win32;C:\Program Files\JetBrains\PyCharm Community Edition 2020.3.3\bin;
USERNAME=Bob Bu
OS=Windows_NT
PROCESSOR_IDENTIFIER=Intel64 Family 6 Model 63 Stepping 2, GenuineIntel



---------------  S Y S T E M  ---------------

OS: Windows 10.0 , 64 bit Build 19041 (10.0.19041.1023)

CPU:total 12 (initial active 12) (6 cores per cpu, 2 threads per core) family 6 model 63 stepping 2, cmov, cx8, fxsr, mmx, sse, sse2, sse3, ssse3, sse4.1, sse4.2, popcnt, avx, avx2, aes, clmul, erms, lzcnt, ht, tsc, tscinvbit, bmi1, bmi2

Memory: 4k page, physical 16686324k(6293972k free), swap 22818036k(5203800k free)

vm_info: OpenJDK 64-Bit Server VM (25.292-b10) for windows-amd64 JRE (1.8.0_292-b10), built on Apr 14 2021 23:06:53 by "Administrator" with MS VC++ 12.0 (VS2013)

time: Sun Jun 13 03:44:10 2021
timezone: Mountain Summer Time
elapsed time: 2.223191 seconds (0d 0h 0m 2s)

